============================= test session starts ==============================
platform linux -- Python 3.9.15, pytest-7.2.0, pluggy-1.0.0
rootdir: /home/runner/work/AWS-demo-project/AWS-demo-project/python_packages/data-testing
plugins: cov-4.0.0
collected 2 items

python_packages/data-testing/tests/test_examply.py ..                    [100%]

- generated xml file: /home/runner/work/AWS-demo-project/AWS-demo-project/pytest.xml -

---------- coverage: platform linux, python 3.9.15-final-0 -----------
Name                                           Stmts   Miss  Cover   Missing
----------------------------------------------------------------------------
python_packages/data-testing/src/__init__.py       0      0   100%
python_packages/data-testing/src/examply.py        4      1    75%   5
----------------------------------------------------------------------------
TOTAL                                              4      1    75%

============================== 2 passed in 0.08s ===============================
